[0.000000] (-) TimerEvent: {}
[0.000396] (multi_sensor_interfaces) JobQueued: {'identifier': 'multi_sensor_interfaces', 'dependencies': OrderedDict()}
[0.000464] (multi_sensor_interfaces) JobStarted: {'identifier': 'multi_sensor_interfaces'}
[0.006039] (multi_sensor_interfaces) JobProgress: {'identifier': 'multi_sensor_interfaces', 'progress': 'cmake'}
[0.006647] (multi_sensor_interfaces) JobProgress: {'identifier': 'multi_sensor_interfaces', 'progress': 'build'}
[0.006688] (multi_sensor_interfaces) Command: {'cmd': ['/usr/bin/cmake', '--build', '/home/hanmo/workspace/code/esp32_arduino/extra_packages/build/multi_sensor_interfaces', '--', '-j24', '-l24'], 'cwd': '/home/hanmo/workspace/code/esp32_arduino/extra_packages/build/multi_sensor_interfaces', 'env': OrderedDict([('GJS_DEBUG_TOPICS', 'JS ERROR;JS LOG'), ('LESSOPEN', '| /usr/bin/lesspipe %s'), ('LANGUAGE', 'zh_CN:en_US:en'), ('USER', 'hanmo'), ('LC_TIME', 'zh_CN.UTF-8'), ('XDG_SESSION_TYPE', 'x11'), ('GIT_ASKPASS', '/usr/share/code/resources/app/extensions/git/dist/askpass.sh'), ('SHLVL', '1'), ('LD_LIBRARY_PATH', '/home/hanmo/workspace/code/computer_ws/install/leap_hand/lib:/home/hanmo/workspace/code/dev_ws/install/learning_interface/lib:/usr/lib/x86_64-linux-gnu/gazebo-11/plugins:/opt/ros/humble/opt/rviz_ogre_vendor/lib:/opt/ros/humble/lib/x86_64-linux-gnu:/opt/ros/humble/lib:/usr/lib/x86_64-linux-gnu/gazebo-11/plugins::/usr/lib/x86_64-linux-gnu/gazebo-11/plugins:/usr/lib/x86_64-linux-gnu/gazebo-11/plugins::/usr/lib/x86_64-linux-gnu/gazebo-11/plugins:/usr/lib/x86_64-linux-gnu/gazebo-11/plugins:/usr/lib/x86_64-linux-gnu/gazebo-11/plugins::/usr/lib/x86_64-linux-gnu/gazebo-11/plugins:/usr/lib/x86_64-linux-gnu/gazebo-11/plugins:/usr/lib/x86_64-linux-gnu/gazebo-11/plugins:/usr/lib/x86_64-linux-gnu/gazebo-11/plugins:'), ('HOME', '/home/hanmo'), ('CHROME_DESKTOP', 'code.desktop'), ('OLDPWD', '/home/hanmo/workspace/code/esp32_arduino/extra_packages/multi_sensor_interfaces'), ('TERM_PROGRAM_VERSION', '1.97.2'), ('DESKTOP_SESSION', 'ubuntu'), ('GIO_LAUNCHED_DESKTOP_FILE', '/usr/share/applications/code.desktop'), ('GAZEBO_MASTER_URI', 'http://localhost:11345'), ('ROS_PYTHON_VERSION', '3'), ('GNOME_SHELL_SESSION_MODE', 'ubuntu'), ('GTK_MODULES', 'gail:atk-bridge'), ('VSCODE_GIT_ASKPASS_MAIN', '/usr/share/code/resources/app/extensions/git/dist/askpass-main.js'), ('LC_MONETARY', 'zh_CN.UTF-8'), ('VSCODE_GIT_ASKPASS_NODE', '/usr/share/code/code'), ('MANAGERPID', '1926'), ('SYSTEMD_EXEC_PID', '2303'), ('DBUS_SESSION_BUS_ADDRESS', 'unix:path=/run/user/1000/bus'), ('COLORTERM', 'truecolor'), ('GIO_LAUNCHED_DESKTOP_FILE_PID', '4517'), ('COLCON_PREFIX_PATH', '/home/hanmo/workspace/code/computer_ws/install:/home/hanmo/workspace/code/dev_ws/install'), ('ROS_DISTRO', 'humble'), ('GTK_IM_MODULE', 'ibus'), ('LOGNAME', 'hanmo'), ('JOURNAL_STREAM', '8:10507'), ('_', '/usr/bin/colcon'), ('ROS_VERSION', '2'), ('XDG_SESSION_CLASS', 'user'), ('USERNAME', 'hanmo'), ('TERM', 'xterm-256color'), ('GAZEBO_MODEL_PATH', '/usr/share/gazebo-11/models:/usr/share/gazebo-11/models:/usr/share/gazebo-11/models:/usr/share/gazebo-11/models:'), ('GNOME_DESKTOP_SESSION_ID', 'this-is-deprecated'), ('ROS_LOCALHOST_ONLY', '0'), ('WINDOWPATH', '2'), ('OGRE_RESOURCE_PATH', '/usr/lib/x86_64-linux-gnu/OGRE-1.9.0'), ('PATH', '/opt/ros/humble/bin:/usr/local/sbin:/usr/local/bin:/usr/sbin:/usr/bin:/sbin:/bin:/usr/games:/usr/local/games:/snap/bin:/snap/bin'), ('SESSION_MANAGER', 'local/hanmo-ubuntu:@/tmp/.ICE-unix/2254,unix/hanmo-ubuntu:/tmp/.ICE-unix/2254'), ('INVOCATION_ID', 'bba50ebdf25f41d7bcb08c98d5a68c56'), ('PAPERSIZE', 'a4'), ('XDG_MENU_PREFIX', 'gnome-'), ('LC_ADDRESS', 'zh_CN.UTF-8'), ('XDG_RUNTIME_DIR', '/run/user/1000'), ('GDK_BACKEND', 'x11'), ('DISPLAY', ':1'), ('LANG', 'zh_CN.UTF-8'), ('XDG_CURRENT_DESKTOP', 'Unity'), ('LC_TELEPHONE', 'zh_CN.UTF-8'), ('XMODIFIERS', '@im=ibus'), ('XDG_SESSION_DESKTOP', 'ubuntu'), ('XAUTHORITY', '/run/user/1000/gdm/Xauthority'), ('LS_COLORS', 'rs=0:di=01;34:ln=01;36:mh=00:pi=40;33:so=01;35:do=01;35:bd=40;33;01:cd=40;33;01:or=40;31;01:mi=00:su=37;41:sg=30;43:ca=30;41:tw=30;42:ow=34;42:st=37;44:ex=01;32:*.tar=01;31:*.tgz=01;31:*.arc=01;31:*.arj=01;31:*.taz=01;31:*.lha=01;31:*.lz4=01;31:*.lzh=01;31:*.lzma=01;31:*.tlz=01;31:*.txz=01;31:*.tzo=01;31:*.t7z=01;31:*.zip=01;31:*.z=01;31:*.dz=01;31:*.gz=01;31:*.lrz=01;31:*.lz=01;31:*.lzo=01;31:*.xz=01;31:*.zst=01;31:*.tzst=01;31:*.bz2=01;31:*.bz=01;31:*.tbz=01;31:*.tbz2=01;31:*.tz=01;31:*.deb=01;31:*.rpm=01;31:*.jar=01;31:*.war=01;31:*.ear=01;31:*.sar=01;31:*.rar=01;31:*.alz=01;31:*.ace=01;31:*.zoo=01;31:*.cpio=01;31:*.7z=01;31:*.rz=01;31:*.cab=01;31:*.wim=01;31:*.swm=01;31:*.dwm=01;31:*.esd=01;31:*.jpg=01;35:*.jpeg=01;35:*.mjpg=01;35:*.mjpeg=01;35:*.gif=01;35:*.bmp=01;35:*.pbm=01;35:*.pgm=01;35:*.ppm=01;35:*.tga=01;35:*.xbm=01;35:*.xpm=01;35:*.tif=01;35:*.tiff=01;35:*.png=01;35:*.svg=01;35:*.svgz=01;35:*.mng=01;35:*.pcx=01;35:*.mov=01;35:*.mpg=01;35:*.mpeg=01;35:*.m2v=01;35:*.mkv=01;35:*.webm=01;35:*.webp=01;35:*.ogm=01;35:*.mp4=01;35:*.m4v=01;35:*.mp4v=01;35:*.vob=01;35:*.qt=01;35:*.nuv=01;35:*.wmv=01;35:*.asf=01;35:*.rm=01;35:*.rmvb=01;35:*.flc=01;35:*.avi=01;35:*.fli=01;35:*.flv=01;35:*.gl=01;35:*.dl=01;35:*.xcf=01;35:*.xwd=01;35:*.yuv=01;35:*.cgm=01;35:*.emf=01;35:*.ogv=01;35:*.ogx=01;35:*.aac=00;36:*.au=00;36:*.flac=00;36:*.m4a=00;36:*.mid=00;36:*.midi=00;36:*.mka=00;36:*.mp3=00;36:*.mpc=00;36:*.ogg=00;36:*.ra=00;36:*.wav=00;36:*.oga=00;36:*.opus=00;36:*.spx=00;36:*.xspf=00;36:'), ('VSCODE_GIT_IPC_HANDLE', '/run/user/1000/vscode-git-d9a9f520f2.sock'), ('TERM_PROGRAM', 'vscode'), ('SSH_AGENT_LAUNCHER', 'gnome-keyring'), ('SSH_AUTH_SOCK', '/run/user/1000/keyring/ssh'), ('ROS_DOMAIN_ID', '0'), ('AMENT_PREFIX_PATH', '/home/hanmo/workspace/code/computer_ws/install/leap_hand:/home/hanmo/workspace/code/dev_ws/install/learning_urdf:/home/hanmo/workspace/code/dev_ws/install/learning_topic_cpp:/home/hanmo/workspace/code/dev_ws/install/learning_topic:/home/hanmo/workspace/code/dev_ws/install/learning_tf:/home/hanmo/workspace/code/dev_ws/install/learning_service_cpp:/home/hanmo/workspace/code/dev_ws/install/learning_service:/home/hanmo/workspace/code/dev_ws/install/learning_qos:/home/hanmo/workspace/code/dev_ws/install/learning_pkg_python:/home/hanmo/workspace/code/dev_ws/install/learning_pkg_c:/home/hanmo/workspace/code/dev_ws/install/learning_parameter_cpp:/home/hanmo/workspace/code/dev_ws/install/learning_parameter:/home/hanmo/workspace/code/dev_ws/install/learning_node_cpp:/home/hanmo/workspace/code/dev_ws/install/learning_node:/home/hanmo/workspace/code/dev_ws/install/learning_launch:/home/hanmo/workspace/code/dev_ws/install/learning_action_cpp:/home/hanmo/workspace/code/dev_ws/install/learning_action:/home/hanmo/workspace/code/dev_ws/install/learning_interface:/home/hanmo/workspace/code/dev_ws/install/learning_gazebo:/home/hanmo/workspace/code/dev_ws/install/learning_cv:/opt/ros/humble'), ('ORIGINAL_XDG_CURRENT_DESKTOP', 'ubuntu:GNOME'), ('SHELL', '/bin/bash'), ('LC_NAME', 'zh_CN.UTF-8'), ('QT_ACCESSIBILITY', '1'), ('GDMSESSION', 'ubuntu'), ('LESSCLOSE', '/usr/bin/lesspipe %s %s'), ('LC_MEASUREMENT', 'zh_CN.UTF-8'), ('GPG_AGENT_INFO', '/run/user/1000/gnupg/S.gpg-agent:0:1'), ('GAZEBO_RESOURCE_PATH', '/usr/share/gazebo-11:/usr/share/gazebo-11:/usr/share/gazebo-11:/usr/share/gazebo-11:'), ('GJS_DEBUG_OUTPUT', 'stderr'), ('LC_IDENTIFICATION', 'zh_CN.UTF-8'), ('GAZEBO_MODEL_DATABASE_URI', 'http://models.gazebosim.org'), ('VSCODE_GIT_ASKPASS_EXTRA_ARGS', ''), ('QT_IM_MODULE', 'ibus'), ('PWD', '/home/hanmo/workspace/code/esp32_arduino/extra_packages/build/multi_sensor_interfaces'), ('XDG_CONFIG_DIRS', '/etc/xdg/xdg-ubuntu:/etc/xdg'), ('GAZEBO_PLUGIN_PATH', '/usr/lib/x86_64-linux-gnu/gazebo-11/plugins:/usr/lib/x86_64-linux-gnu/gazebo-11/plugins:/usr/lib/x86_64-linux-gnu/gazebo-11/plugins:/usr/lib/x86_64-linux-gnu/gazebo-11/plugins:'), ('XDG_DATA_DIRS', '/usr/share/ubuntu:/usr/share/gnome:/usr/local/share/:/usr/share/:/var/lib/snapd/desktop'), ('PYTHONPATH', '/home/hanmo/workspace/code/computer_ws/install/leap_hand/local/lib/python3.10/dist-packages:/home/hanmo/workspace/code/dev_ws/install/learning_urdf/lib/python3.10/site-packages:/home/hanmo/workspace/code/dev_ws/install/learning_topic/lib/python3.10/site-packages:/home/hanmo/workspace/code/dev_ws/install/learning_tf/lib/python3.10/site-packages:/home/hanmo/workspace/code/dev_ws/install/learning_service/lib/python3.10/site-packages:/home/hanmo/workspace/code/dev_ws/install/learning_qos/lib/python3.10/site-packages:/home/hanmo/workspace/code/dev_ws/install/learning_pkg_python/lib/python3.10/site-packages:/home/hanmo/workspace/code/dev_ws/install/learning_parameter/lib/python3.10/site-packages:/home/hanmo/workspace/code/dev_ws/install/learning_node/lib/python3.10/site-packages:/home/hanmo/workspace/code/dev_ws/install/learning_launch/lib/python3.10/site-packages:/home/hanmo/workspace/code/dev_ws/install/learning_action/lib/python3.10/site-packages:/home/hanmo/workspace/code/dev_ws/install/learning_interface/local/lib/python3.10/dist-packages:/home/hanmo/workspace/code/dev_ws/install/learning_gazebo/lib/python3.10/site-packages:/home/hanmo/workspace/code/dev_ws/install/learning_cv/lib/python3.10/site-packages:/opt/ros/humble/lib/python3.10/site-packages:/opt/ros/humble/local/lib/python3.10/dist-packages'), ('LC_NUMERIC', 'zh_CN.UTF-8'), ('LC_PAPER', 'zh_CN.UTF-8'), ('COLCON', '1'), ('CMAKE_PREFIX_PATH', '/home/hanmo/workspace/code/computer_ws/install/leap_hand:/home/hanmo/workspace/code/dev_ws/install/learning_topic_cpp:/home/hanmo/workspace/code/dev_ws/install/learning_service_cpp:/home/hanmo/workspace/code/dev_ws/install/learning_pkg_c:/home/hanmo/workspace/code/dev_ws/install/learning_parameter_cpp:/home/hanmo/workspace/code/dev_ws/install/learning_node_cpp:/home/hanmo/workspace/code/dev_ws/install/learning_action_cpp:/home/hanmo/workspace/code/dev_ws/install/learning_interface:/opt/ros/humble/share')]), 'shell': False}
[0.026293] (multi_sensor_interfaces) StdoutLine: {'line': b'-- Found ament_cmake: 1.3.11 (/opt/ros/humble/share/ament_cmake/cmake)\n'}
[0.099917] (-) TimerEvent: {}
[0.109243] (multi_sensor_interfaces) StdoutLine: {'line': b'-- Found ament_lint_auto: 0.12.11 (/opt/ros/humble/share/ament_lint_auto/cmake)\n'}
[0.142632] (multi_sensor_interfaces) StderrLine: {'line': b"Error parsing '/home/hanmo/workspace/code/esp32_arduino/extra_packages/multi_sensor_interfaces/package.xml':\n"}
[0.171627] (multi_sensor_interfaces) StderrLine: {'line': b'Traceback (most recent call last):\n'}
[0.171787] (multi_sensor_interfaces) StderrLine: {'line': b'  File "/usr/lib/python3/dist-packages/catkin_pkg/package.py", line 610, in parse_package_string\n'}
[0.171931] (multi_sensor_interfaces) StderrLine: {'line': b'    root = dom.parseString(data)\n'}
[0.172021] (multi_sensor_interfaces) StderrLine: {'line': b'  File "/usr/lib/python3.10/xml/dom/minidom.py", line 2000, in parseString\n'}
[0.172437] (multi_sensor_interfaces) StderrLine: {'line': b'    return expatbuilder.parseString(string)\n'}
[0.172579] (multi_sensor_interfaces) StderrLine: {'line': b'  File "/usr/lib/python3.10/xml/dom/expatbuilder.py", line 925, in parseString\n'}
[0.172937] (multi_sensor_interfaces) StderrLine: {'line': b'    return builder.parseString(string)\n'}
[0.173082] (multi_sensor_interfaces) StderrLine: {'line': b'  File "/usr/lib/python3.10/xml/dom/expatbuilder.py", line 223, in parseString\n'}
[0.173157] (multi_sensor_interfaces) StderrLine: {'line': b'    parser.Parse(string, True)\n'}
[0.173219] (multi_sensor_interfaces) StderrLine: {'line': b'xml.parsers.expat.ExpatError: junk after document element: line 19, column 0\n'}
[0.173277] (multi_sensor_interfaces) StderrLine: {'line': b'\n'}
[0.173334] (multi_sensor_interfaces) StderrLine: {'line': b'During handling of the above exception, another exception occurred:\n'}
[0.173391] (multi_sensor_interfaces) StderrLine: {'line': b'\n'}
[0.173447] (multi_sensor_interfaces) StderrLine: {'line': b'Traceback (most recent call last):\n'}
[0.173504] (multi_sensor_interfaces) StderrLine: {'line': b'  File "/opt/ros/humble/share/ament_cmake_core/cmake/core/package_xml_2_cmake.py", line 150, in <module>\n'}
[0.173562] (multi_sensor_interfaces) StderrLine: {'line': b'    main()\n'}
[0.173617] (multi_sensor_interfaces) StderrLine: {'line': b'  File "/opt/ros/humble/share/ament_cmake_core/cmake/core/package_xml_2_cmake.py", line 53, in main\n'}
[0.173682] (multi_sensor_interfaces) StderrLine: {'line': b'    raise e\n'}
[0.173738] (multi_sensor_interfaces) StderrLine: {'line': b'  File "/opt/ros/humble/share/ament_cmake_core/cmake/core/package_xml_2_cmake.py", line 49, in main\n'}
[0.173794] (multi_sensor_interfaces) StderrLine: {'line': b'    package = parse_package_string(\n'}
[0.173848] (multi_sensor_interfaces) StderrLine: {'line': b'  File "/usr/lib/python3/dist-packages/catkin_pkg/package.py", line 612, in parse_package_string\n'}
[0.173904] (multi_sensor_interfaces) StderrLine: {'line': b"    raise InvalidPackage('The manifest contains invalid XML:\\n%s' % ex, filename)\n"}
[0.173959] (multi_sensor_interfaces) StderrLine: {'line': b"catkin_pkg.package.InvalidPackage: Error(s) in package '/home/hanmo/workspace/code/esp32_arduino/extra_packages/multi_sensor_interfaces/package.xml':\n"}
[0.174015] (multi_sensor_interfaces) StderrLine: {'line': b'The manifest contains invalid XML:\n'}
[0.174070] (multi_sensor_interfaces) StderrLine: {'line': b'junk after document element: line 19, column 0\n'}
[0.182233] (multi_sensor_interfaces) StderrLine: {'line': b'\x1b[31mCMake Error at /opt/ros/humble/share/ament_cmake_core/cmake/core/ament_package_xml.cmake:95 (message):\n'}
[0.182400] (multi_sensor_interfaces) StderrLine: {'line': b'  execute_process(/usr/bin/python3\n'}
[0.182466] (multi_sensor_interfaces) StderrLine: {'line': b'  /opt/ros/humble/share/ament_cmake_core/cmake/core/package_xml_2_cmake.py\n'}
[0.182527] (multi_sensor_interfaces) StderrLine: {'line': b'  /home/hanmo/workspace/code/esp32_arduino/extra_packages/multi_sensor_interfaces/package.xml\n'}
[0.182587] (multi_sensor_interfaces) StderrLine: {'line': b'  /home/hanmo/workspace/code/esp32_arduino/extra_packages/build/multi_sensor_interfaces/ament_cmake_core/package.cmake)\n'}
[0.182649] (multi_sensor_interfaces) StderrLine: {'line': b'  returned error code 1\n'}
[0.182802] (multi_sensor_interfaces) StderrLine: {'line': b'Call Stack (most recent call first):\n'}
[0.182889] (multi_sensor_interfaces) StderrLine: {'line': b'  /opt/ros/humble/share/ament_cmake_core/cmake/core/ament_package_xml.cmake:49 (_ament_package_xml)\n'}
[0.182953] (multi_sensor_interfaces) StderrLine: {'line': b'  /opt/ros/humble/share/ament_lint_auto/cmake/ament_lint_auto_find_test_dependencies.cmake:31 (ament_package_xml)\n'}
[0.183012] (multi_sensor_interfaces) StderrLine: {'line': b'  CMakeLists.txt:23 (ament_lint_auto_find_test_dependencies)\n'}
[0.183072] (multi_sensor_interfaces) StderrLine: {'line': b'\n'}
[0.183144] (multi_sensor_interfaces) StderrLine: {'line': b'\x1b[0m\n'}
[0.183201] (multi_sensor_interfaces) StdoutLine: {'line': b'-- Configuring incomplete, errors occurred!\n'}
[0.183270] (multi_sensor_interfaces) StdoutLine: {'line': b'See also "/home/hanmo/workspace/code/esp32_arduino/extra_packages/build/multi_sensor_interfaces/CMakeFiles/CMakeOutput.log".\n'}
[0.183859] (multi_sensor_interfaces) StderrLine: {'line': b'gmake: *** [Makefile:747\xef\xbc\x9acmake_check_build_system] \xe9\x94\x99\xe8\xaf\xaf 1\n'}
[0.185370] (multi_sensor_interfaces) CommandEnded: {'returncode': 2}
[0.185708] (multi_sensor_interfaces) JobEnded: {'identifier': 'multi_sensor_interfaces', 'rc': 2}
[0.195770] (-) EventReactorShutdown: {}
